{"C:\\Users\\User\\IdeaProjects\\moviedata\\src\\components\\MovieCard.module.css": {"path":"C:\\Users\\User\\IdeaProjects\\moviedata\\src\\components\\MovieCard.module.css","statementMap":{},"fnMap":{},"branchMap":{},"s":{},"f":{},"b":{},"meta":{"lastBranch":0,"lastFunction":0,"lastStatement":0,"seen":{}}}
,"C:\\Users\\User\\IdeaProjects\\moviedata\\src\\components\\MovieCard.tsx": {"path":"C:\\Users\\User\\IdeaProjects\\moviedata\\src\\components\\MovieCard.tsx","statementMap":{"0":{"start":{"line":13,"column":25},"end":{"line":65,"column":null}},"1":{"start":{"line":14,"column":8},"end":{"line":14,"column":null}},"2":{"start":{"line":15,"column":8},"end":{"line":15,"column":null}},"3":{"start":{"line":16,"column":8},"end":{"line":16,"column":null}},"4":{"start":{"line":16,"column":46},"end":{"line":16,"column":71}},"5":{"start":{"line":17,"column":21},"end":{"line":17,"column":null}},"6":{"start":{"line":17,"column":45},"end":{"line":17,"column":64}},"7":{"start":{"line":19,"column":30},"end":{"line":26,"column":null}},"8":{"start":{"line":20,"column":4},"end":{"line":20,"column":null}},"9":{"start":{"line":21,"column":4},"end":{"line":25,"column":null}},"10":{"start":{"line":22,"column":6},"end":{"line":22,"column":null}},"11":{"start":{"line":24,"column":6},"end":{"line":24,"column":null}},"12":{"start":{"line":28,"column":27},"end":{"line":31,"column":null}},"13":{"start":{"line":29,"column":4},"end":{"line":29,"column":null}},"14":{"start":{"line":30,"column":4},"end":{"line":30,"column":null}},"15":{"start":{"line":33,"column":15},"end":{"line":33,"column":null}},"16":{"start":{"line":35,"column":2},"end":{"line":63,"column":null}}},"fnMap":{"0":{"name":"(anonymous_0)","decl":{"start":{"line":13,"column":25},"end":{"line":13,"column":26}},"loc":{"start":{"line":13,"column":65},"end":{"line":65,"column":null}},"line":13},"1":{"name":"(anonymous_1)","decl":{"start":{"line":16,"column":35},"end":{"line":16,"column":36}},"loc":{"start":{"line":16,"column":46},"end":{"line":16,"column":71}},"line":16},"2":{"name":"(anonymous_2)","decl":{"start":{"line":17,"column":36},"end":{"line":17,"column":37}},"loc":{"start":{"line":17,"column":45},"end":{"line":17,"column":64}},"line":17},"3":{"name":"(anonymous_3)","decl":{"start":{"line":19,"column":30},"end":{"line":19,"column":31}},"loc":{"start":{"line":19,"column":55},"end":{"line":26,"column":null}},"line":19},"4":{"name":"(anonymous_4)","decl":{"start":{"line":28,"column":27},"end":{"line":28,"column":28}},"loc":{"start":{"line":28,"column":52},"end":{"line":31,"column":null}},"line":28}},"branchMap":{"0":{"loc":{"start":{"line":21,"column":4},"end":{"line":25,"column":null}},"type":"if","locations":[{"start":{"line":21,"column":4},"end":{"line":25,"column":null}},{"start":{"line":23,"column":11},"end":{"line":25,"column":null}}],"line":21},"1":{"loc":{"start":{"line":33,"column":15},"end":{"line":33,"column":null}},"type":"cond-expr","locations":[{"start":{"line":33,"column":36},"end":{"line":33,"column":81}},{"start":{"line":33,"column":81},"end":{"line":33,"column":null}}],"line":33},"2":{"loc":{"start":{"line":49,"column":46},"end":{"line":49,"column":77}},"type":"cond-expr","locations":[{"start":{"line":49,"column":59},"end":{"line":49,"column":75}},{"start":{"line":49,"column":75},"end":{"line":49,"column":77}}],"line":49},"3":{"loc":{"start":{"line":51,"column":22},"end":{"line":51,"column":null}},"type":"cond-expr","locations":[{"start":{"line":51,"column":35},"end":{"line":51,"column":61}},{"start":{"line":51,"column":61},"end":{"line":51,"column":null}}],"line":51},"4":{"loc":{"start":{"line":53,"column":11},"end":{"line":53,"column":null}},"type":"cond-expr","locations":[{"start":{"line":53,"column":24},"end":{"line":53,"column":31}},{"start":{"line":53,"column":31},"end":{"line":53,"column":null}}],"line":53}},"s":{"0":1,"1":3,"2":3,"3":3,"4":6,"5":3,"6":0,"7":3,"8":0,"9":0,"10":0,"11":0,"12":3,"13":0,"14":0,"15":3,"16":3},"f":{"0":3,"1":6,"2":0,"3":0,"4":0},"b":{"0":[0,0],"1":[3,0],"2":[0,3],"3":[0,3],"4":[0,3]},"meta":{"lastBranch":5,"lastFunction":5,"lastStatement":17,"seen":{"s:13:25:65:Infinity":0,"f:13:25:13:26":0,"s:14:8:14:Infinity":1,"s:15:8:15:Infinity":2,"s:16:8:16:Infinity":3,"f:16:35:16:36":1,"s:16:46:16:71":4,"s:17:21:17:Infinity":5,"f:17:36:17:37":2,"s:17:45:17:64":6,"s:19:30:26:Infinity":7,"f:19:30:19:31":3,"s:20:4:20:Infinity":8,"b:21:4:25:Infinity:23:11:25:Infinity":0,"s:21:4:25:Infinity":9,"s:22:6:22:Infinity":10,"s:24:6:24:Infinity":11,"s:28:27:31:Infinity":12,"f:28:27:28:28":4,"s:29:4:29:Infinity":13,"s:30:4:30:Infinity":14,"s:33:15:33:Infinity":15,"b:33:36:33:81:33:81:33:Infinity":1,"s:35:2:63:Infinity":16,"b:49:59:49:75:49:75:49:77":2,"b:51:35:51:61:51:61:51:Infinity":3,"b:53:24:53:31:53:31:53:Infinity":4}}}
,"C:\\Users\\User\\IdeaProjects\\moviedata\\src\\components\\SearchBar.module.css": {"path":"C:\\Users\\User\\IdeaProjects\\moviedata\\src\\components\\SearchBar.module.css","statementMap":{},"fnMap":{},"branchMap":{},"s":{},"f":{},"b":{},"meta":{"lastBranch":0,"lastFunction":0,"lastStatement":0,"seen":{}}}
,"C:\\Users\\User\\IdeaProjects\\moviedata\\src\\components\\SearchBar.tsx": {"path":"C:\\Users\\User\\IdeaProjects\\moviedata\\src\\components\\SearchBar.tsx","statementMap":{"0":{"start":{"line":8,"column":25},"end":{"line":32,"column":null}},"1":{"start":{"line":9,"column":24},"end":{"line":9,"column":null}},"2":{"start":{"line":11,"column":23},"end":{"line":16,"column":null}},"3":{"start":{"line":12,"column":4},"end":{"line":12,"column":null}},"4":{"start":{"line":13,"column":4},"end":{"line":15,"column":null}},"5":{"start":{"line":14,"column":6},"end":{"line":14,"column":null}},"6":{"start":{"line":18,"column":2},"end":{"line":30,"column":null}},"7":{"start":{"line":25,"column":25},"end":{"line":25,"column":null}}},"fnMap":{"0":{"name":"(anonymous_0)","decl":{"start":{"line":8,"column":25},"end":{"line":8,"column":26}},"loc":{"start":{"line":8,"column":59},"end":{"line":32,"column":null}},"line":8},"1":{"name":"(anonymous_1)","decl":{"start":{"line":11,"column":23},"end":{"line":11,"column":24}},"loc":{"start":{"line":11,"column":41},"end":{"line":16,"column":null}},"line":11},"2":{"name":"(anonymous_2)","decl":{"start":{"line":25,"column":18},"end":{"line":25,"column":19}},"loc":{"start":{"line":25,"column":25},"end":{"line":25,"column":null}},"line":25}},"branchMap":{"0":{"loc":{"start":{"line":13,"column":4},"end":{"line":15,"column":null}},"type":"if","locations":[{"start":{"line":13,"column":4},"end":{"line":15,"column":null}},{"start":{},"end":{}}],"line":13}},"s":{"0":1,"1":4,"2":4,"3":1,"4":1,"5":1,"6":4,"7":1},"f":{"0":4,"1":1,"2":1},"b":{"0":[1,0]},"meta":{"lastBranch":1,"lastFunction":3,"lastStatement":8,"seen":{"s:8:25:32:Infinity":0,"f:8:25:8:26":0,"s:9:24:9:Infinity":1,"s:11:23:16:Infinity":2,"f:11:23:11:24":1,"s:12:4:12:Infinity":3,"b:13:4:15:Infinity:undefined:undefined:undefined:undefined":0,"s:13:4:15:Infinity":4,"s:14:6:14:Infinity":5,"s:18:2:30:Infinity":6,"f:25:18:25:19":2,"s:25:25:25:Infinity":7}}}
,"C:\\Users\\User\\IdeaProjects\\moviedata\\src\\components\\VideoPlayer.module.css": {"path":"C:\\Users\\User\\IdeaProjects\\moviedata\\src\\components\\VideoPlayer.module.css","statementMap":{},"fnMap":{},"branchMap":{},"s":{},"f":{},"b":{},"meta":{"lastBranch":0,"lastFunction":0,"lastStatement":0,"seen":{}}}
,"C:\\Users\\User\\IdeaProjects\\moviedata\\src\\components\\VideoPlayer.tsx": {"path":"C:\\Users\\User\\IdeaProjects\\moviedata\\src\\components\\VideoPlayer.tsx","statementMap":{"0":{"start":{"line":55,"column":27},"end":{"line":391,"column":null}},"1":{"start":{"line":65,"column":8},"end":{"line":65,"column":null}},"2":{"start":{"line":66,"column":8},"end":{"line":66,"column":null}},"3":{"start":{"line":67,"column":8},"end":{"line":67,"column":null}},"4":{"start":{"line":68,"column":30},"end":{"line":68,"column":null}},"5":{"start":{"line":69,"column":26},"end":{"line":69,"column":null}},"6":{"start":{"line":70,"column":28},"end":{"line":70,"column":null}},"7":{"start":{"line":71,"column":38},"end":{"line":71,"column":null}},"8":{"start":{"line":72,"column":38},"end":{"line":72,"column":null}},"9":{"start":{"line":73,"column":8},"end":{"line":73,"column":null}},"10":{"start":{"line":76,"column":2},"end":{"line":94,"column":null}},"11":{"start":{"line":77,"column":4},"end":{"line":77,"column":null}},"12":{"start":{"line":77,"column":21},"end":{"line":77,"column":null}},"13":{"start":{"line":80,"column":4},"end":{"line":83,"column":null}},"14":{"start":{"line":81,"column":6},"end":{"line":81,"column":null}},"15":{"start":{"line":82,"column":6},"end":{"line":82,"column":null}},"16":{"start":{"line":86,"column":16},"end":{"line":86,"column":null}},"17":{"start":{"line":87,"column":4},"end":{"line":87,"column":null}},"18":{"start":{"line":88,"column":27},"end":{"line":88,"column":null}},"19":{"start":{"line":89,"column":4},"end":{"line":89,"column":null}},"20":{"start":{"line":91,"column":4},"end":{"line":93,"column":null}},"21":{"start":{"line":92,"column":6},"end":{"line":92,"column":null}},"22":{"start":{"line":97,"column":2},"end":{"line":148,"column":null}},"23":{"start":{"line":98,"column":4},"end":{"line":98,"column":null}},"24":{"start":{"line":98,"column":88},"end":{"line":98,"column":null}},"25":{"start":{"line":100,"column":21},"end":{"line":100,"column":null}},"26":{"start":{"line":101,"column":4},"end":{"line":101,"column":null}},"27":{"start":{"line":103,"column":4},"end":{"line":140,"column":null}},"28":{"start":{"line":116,"column":10},"end":{"line":116,"column":null}},"29":{"start":{"line":121,"column":10},"end":{"line":137,"column":null}},"30":{"start":{"line":123,"column":29},"end":{"line":128,"column":null}},"31":{"start":{"line":124,"column":14},"end":{"line":127,"column":null}},"32":{"start":{"line":125,"column":29},"end":{"line":125,"column":null}},"33":{"start":{"line":126,"column":16},"end":{"line":126,"column":null}},"34":{"start":{"line":129,"column":12},"end":{"line":131,"column":null}},"35":{"start":{"line":130,"column":14},"end":{"line":130,"column":null}},"36":{"start":{"line":134,"column":12},"end":{"line":136,"column":null}},"37":{"start":{"line":135,"column":14},"end":{"line":135,"column":null}},"38":{"start":{"line":142,"column":4},"end":{"line":147,"column":null}},"39":{"start":{"line":143,"column":6},"end":{"line":146,"column":null}},"40":{"start":{"line":144,"column":8},"end":{"line":144,"column":null}},"41":{"start":{"line":145,"column":8},"end":{"line":145,"column":null}},"42":{"start":{"line":151,"column":2},"end":{"line":163,"column":null}},"43":{"start":{"line":152,"column":4},"end":{"line":152,"column":null}},"44":{"start":{"line":152,"column":79},"end":{"line":152,"column":null}},"45":{"start":{"line":154,"column":24},"end":{"line":154,"column":null}},"46":{"start":{"line":156,"column":4},"end":{"line":162,"column":null}},"47":{"start":{"line":157,"column":6},"end":{"line":157,"column":null}},"48":{"start":{"line":158,"column":6},"end":{"line":158,"column":null}},"49":{"start":{"line":159,"column":4},"end":{"line":162,"column":null}},"50":{"start":{"line":160,"column":6},"end":{"line":160,"column":null}},"51":{"start":{"line":161,"column":6},"end":{"line":161,"column":null}},"52":{"start":{"line":166,"column":2},"end":{"line":187,"column":null}},"53":{"start":{"line":167,"column":4},"end":{"line":167,"column":null}},"54":{"start":{"line":167,"column":79},"end":{"line":167,"column":null}},"55":{"start":{"line":170,"column":4},"end":{"line":172,"column":null}},"56":{"start":{"line":171,"column":6},"end":{"line":171,"column":null}},"57":{"start":{"line":175,"column":4},"end":{"line":186,"column":null}},"58":{"start":{"line":176,"column":21},"end":{"line":176,"column":null}},"59":{"start":{"line":177,"column":6},"end":{"line":177,"column":null}},"60":{"start":{"line":177,"column":19},"end":{"line":177,"column":null}},"61":{"start":{"line":179,"column":33},"end":{"line":179,"column":null}},"62":{"start":{"line":180,"column":19},"end":{"line":180,"column":null}},"63":{"start":{"line":182,"column":6},"end":{"line":185,"column":null}},"64":{"start":{"line":183,"column":8},"end":{"line":183,"column":null}},"65":{"start":{"line":184,"column":8},"end":{"line":184,"column":null}},"66":{"start":{"line":190,"column":2},"end":{"line":198,"column":null}},"67":{"start":{"line":191,"column":4},"end":{"line":191,"column":null}},"68":{"start":{"line":191,"column":27},"end":{"line":191,"column":null}},"69":{"start":{"line":193,"column":4},"end":{"line":197,"column":null}},"70":{"start":{"line":194,"column":6},"end":{"line":194,"column":null}},"71":{"start":{"line":196,"column":6},"end":{"line":196,"column":null}},"72":{"start":{"line":201,"column":2},"end":{"line":209,"column":null}},"73":{"start":{"line":202,"column":4},"end":{"line":202,"column":null}},"74":{"start":{"line":202,"column":27},"end":{"line":202,"column":null}},"75":{"start":{"line":204,"column":17},"end":{"line":204,"column":null}},"76":{"start":{"line":205,"column":4},"end":{"line":208,"column":null}},"77":{"start":{"line":206,"column":6},"end":{"line":206,"column":null}},"78":{"start":{"line":207,"column":6},"end":{"line":207,"column":null}},"79":{"start":{"line":211,"column":27},"end":{"line":215,"column":null}},"80":{"start":{"line":212,"column":4},"end":{"line":214,"column":null}},"81":{"start":{"line":213,"column":6},"end":{"line":213,"column":null}},"82":{"start":{"line":217,"column":31},"end":{"line":221,"column":null}},"83":{"start":{"line":218,"column":4},"end":{"line":220,"column":null}},"84":{"start":{"line":219,"column":6},"end":{"line":219,"column":null}},"85":{"start":{"line":223,"column":21},"end":{"line":231,"column":null}},"86":{"start":{"line":224,"column":17},"end":{"line":224,"column":null}},"87":{"start":{"line":225,"column":4},"end":{"line":230,"column":null}},"88":{"start":{"line":226,"column":6},"end":{"line":226,"column":null}},"89":{"start":{"line":227,"column":6},"end":{"line":229,"column":null}},"90":{"start":{"line":228,"column":8},"end":{"line":228,"column":null}},"91":{"start":{"line":233,"column":29},"end":{"line":244,"column":null}},"92":{"start":{"line":234,"column":22},"end":{"line":234,"column":null}},"93":{"start":{"line":235,"column":4},"end":{"line":235,"column":null}},"94":{"start":{"line":236,"column":4},"end":{"line":238,"column":null}},"95":{"start":{"line":237,"column":6},"end":{"line":237,"column":null}},"96":{"start":{"line":239,"column":4},"end":{"line":243,"column":null}},"97":{"start":{"line":240,"column":6},"end":{"line":240,"column":null}},"98":{"start":{"line":241,"column":4},"end":{"line":243,"column":null}},"99":{"start":{"line":242,"column":6},"end":{"line":242,"column":null}},"100":{"start":{"line":246,"column":21},"end":{"line":251,"column":null}},"101":{"start":{"line":247,"column":4},"end":{"line":250,"column":null}},"102":{"start":{"line":248,"column":6},"end":{"line":248,"column":null}},"103":{"start":{"line":249,"column":6},"end":{"line":249,"column":null}},"104":{"start":{"line":253,"column":27},"end":{"line":267,"column":null}},"105":{"start":{"line":254,"column":4},"end":{"line":254,"column":null}},"106":{"start":{"line":254,"column":27},"end":{"line":254,"column":null}},"107":{"start":{"line":256,"column":4},"end":{"line":266,"column":null}},"108":{"start":{"line":257,"column":6},"end":{"line":259,"column":null}},"109":{"start":{"line":258,"column":8},"end":{"line":258,"column":null}},"110":{"start":{"line":260,"column":6},"end":{"line":260,"column":null}},"111":{"start":{"line":262,"column":6},"end":{"line":264,"column":null}},"112":{"start":{"line":263,"column":8},"end":{"line":263,"column":null}},"113":{"start":{"line":265,"column":6},"end":{"line":265,"column":null}},"114":{"start":{"line":269,"column":21},"end":{"line":274,"column":null}},"115":{"start":{"line":270,"column":4},"end":{"line":270,"column":null}},"116":{"start":{"line":270,"column":24},"end":{"line":270,"column":null}},"117":{"start":{"line":271,"column":17},"end":{"line":271,"column":null}},"118":{"start":{"line":272,"column":17},"end":{"line":272,"column":null}},"119":{"start":{"line":273,"column":4},"end":{"line":273,"column":null}},"120":{"start":{"line":277,"column":2},"end":{"line":288,"column":null}},"121":{"start":{"line":278,"column":4},"end":{"line":286,"column":null}},"122":{"start":{"line":291,"column":2},"end":{"line":343,"column":null}},"123":{"start":{"line":292,"column":4},"end":{"line":341,"column":null}},"124":{"start":{"line":346,"column":2},"end":{"line":389,"column":null}},"125":{"start":{"line":377,"column":33},"end":{"line":377,"column":null}}},"fnMap":{"0":{"name":"(anonymous_0)","decl":{"start":{"line":55,"column":27},"end":{"line":55,"column":28}},"loc":{"start":{"line":64,"column":24},"end":{"line":391,"column":null}},"line":64},"1":{"name":"(anonymous_1)","decl":{"start":{"line":76,"column":12},"end":{"line":76,"column":18}},"loc":{"start":{"line":76,"column":18},"end":{"line":94,"column":5}},"line":76},"2":{"name":"(anonymous_2)","decl":{"start":{"line":91,"column":37},"end":{"line":91,"column":43}},"loc":{"start":{"line":91,"column":43},"end":{"line":93,"column":null}},"line":91},"3":{"name":"(anonymous_3)","decl":{"start":{"line":97,"column":12},"end":{"line":97,"column":18}},"loc":{"start":{"line":97,"column":18},"end":{"line":148,"column":5}},"line":97},"4":{"name":"(anonymous_4)","decl":{"start":{"line":115,"column":17},"end":{"line":115,"column":23}},"loc":{"start":{"line":115,"column":23},"end":{"line":118,"column":null}},"line":115},"5":{"name":"(anonymous_5)","decl":{"start":{"line":119,"column":23},"end":{"line":119,"column":24}},"loc":{"start":{"line":119,"column":52},"end":{"line":138,"column":null}},"line":119},"6":{"name":"(anonymous_6)","decl":{"start":{"line":123,"column":41},"end":{"line":123,"column":47}},"loc":{"start":{"line":123,"column":47},"end":{"line":128,"column":15}},"line":123},"7":{"name":"(anonymous_7)","decl":{"start":{"line":142,"column":11},"end":{"line":142,"column":17}},"loc":{"start":{"line":142,"column":17},"end":{"line":147,"column":null}},"line":142},"8":{"name":"(anonymous_8)","decl":{"start":{"line":151,"column":12},"end":{"line":151,"column":18}},"loc":{"start":{"line":151,"column":18},"end":{"line":163,"column":5}},"line":151},"9":{"name":"(anonymous_9)","decl":{"start":{"line":166,"column":12},"end":{"line":166,"column":18}},"loc":{"start":{"line":166,"column":18},"end":{"line":187,"column":5}},"line":166},"10":{"name":"(anonymous_10)","decl":{"start":{"line":175,"column":40},"end":{"line":175,"column":46}},"loc":{"start":{"line":175,"column":46},"end":{"line":186,"column":7}},"line":175},"11":{"name":"(anonymous_11)","decl":{"start":{"line":190,"column":12},"end":{"line":190,"column":18}},"loc":{"start":{"line":190,"column":18},"end":{"line":198,"column":5}},"line":190},"12":{"name":"(anonymous_12)","decl":{"start":{"line":201,"column":12},"end":{"line":201,"column":18}},"loc":{"start":{"line":201,"column":18},"end":{"line":209,"column":5}},"line":201},"13":{"name":"(anonymous_13)","decl":{"start":{"line":211,"column":27},"end":{"line":211,"column":33}},"loc":{"start":{"line":211,"column":33},"end":{"line":215,"column":null}},"line":211},"14":{"name":"(anonymous_14)","decl":{"start":{"line":217,"column":31},"end":{"line":217,"column":37}},"loc":{"start":{"line":217,"column":37},"end":{"line":221,"column":null}},"line":217},"15":{"name":"(anonymous_15)","decl":{"start":{"line":223,"column":21},"end":{"line":223,"column":22}},"loc":{"start":{"line":223,"column":65},"end":{"line":231,"column":null}},"line":223},"16":{"name":"(anonymous_16)","decl":{"start":{"line":233,"column":29},"end":{"line":233,"column":30}},"loc":{"start":{"line":233,"column":73},"end":{"line":244,"column":null}},"line":233},"17":{"name":"(anonymous_17)","decl":{"start":{"line":246,"column":21},"end":{"line":246,"column":27}},"loc":{"start":{"line":246,"column":27},"end":{"line":251,"column":null}},"line":246},"18":{"name":"(anonymous_18)","decl":{"start":{"line":253,"column":27},"end":{"line":253,"column":33}},"loc":{"start":{"line":253,"column":33},"end":{"line":267,"column":null}},"line":253},"19":{"name":"(anonymous_19)","decl":{"start":{"line":269,"column":21},"end":{"line":269,"column":22}},"loc":{"start":{"line":269,"column":50},"end":{"line":274,"column":null}},"line":269},"20":{"name":"(anonymous_20)","decl":{"start":{"line":377,"column":26},"end":{"line":377,"column":27}},"loc":{"start":{"line":377,"column":33},"end":{"line":377,"column":null}},"line":377}},"branchMap":{"0":{"loc":{"start":{"line":63,"column":2},"end":{"line":63,"column":null}},"type":"default-arg","locations":[{"start":{"line":63,"column":10},"end":{"line":63,"column":null}}],"line":63},"1":{"loc":{"start":{"line":77,"column":4},"end":{"line":77,"column":null}},"type":"if","locations":[{"start":{"line":77,"column":4},"end":{"line":77,"column":null}},{"start":{},"end":{}}],"line":77},"2":{"loc":{"start":{"line":80,"column":4},"end":{"line":83,"column":null}},"type":"if","locations":[{"start":{"line":80,"column":4},"end":{"line":83,"column":null}},{"start":{},"end":{}}],"line":80},"3":{"loc":{"start":{"line":80,"column":8},"end":{"line":80,"column":39}},"type":"binary-expr","locations":[{"start":{"line":80,"column":8},"end":{"line":80,"column":21}},{"start":{"line":80,"column":21},"end":{"line":80,"column":39}}],"line":80},"4":{"loc":{"start":{"line":98,"column":4},"end":{"line":98,"column":null}},"type":"if","locations":[{"start":{"line":98,"column":4},"end":{"line":98,"column":null}},{"start":{},"end":{}}],"line":98},"5":{"loc":{"start":{"line":98,"column":8},"end":{"line":98,"column":88}},"type":"binary-expr","locations":[{"start":{"line":98,"column":8},"end":{"line":98,"column":23}},{"start":{"line":98,"column":23},"end":{"line":98,"column":40}},{"start":{"line":98,"column":40},"end":{"line":98,"column":62}},{"start":{"line":98,"column":62},"end":{"line":98,"column":88}}],"line":98},"6":{"loc":{"start":{"line":121,"column":10},"end":{"line":137,"column":null}},"type":"if","locations":[{"start":{"line":121,"column":10},"end":{"line":137,"column":null}},{"start":{"line":132,"column":17},"end":{"line":137,"column":null}}],"line":121},"7":{"loc":{"start":{"line":121,"column":14},"end":{"line":121,"column":48}},"type":"binary-expr","locations":[{"start":{"line":121,"column":14},"end":{"line":121,"column":34}},{"start":{"line":121,"column":34},"end":{"line":121,"column":48}}],"line":121},"8":{"loc":{"start":{"line":124,"column":14},"end":{"line":127,"column":null}},"type":"if","locations":[{"start":{"line":124,"column":14},"end":{"line":127,"column":null}},{"start":{},"end":{}}],"line":124},"9":{"loc":{"start":{"line":129,"column":12},"end":{"line":131,"column":null}},"type":"if","locations":[{"start":{"line":129,"column":12},"end":{"line":131,"column":null}},{"start":{},"end":{}}],"line":129},"10":{"loc":{"start":{"line":134,"column":12},"end":{"line":136,"column":null}},"type":"if","locations":[{"start":{"line":134,"column":12},"end":{"line":136,"column":null}},{"start":{},"end":{}}],"line":134},"11":{"loc":{"start":{"line":143,"column":6},"end":{"line":146,"column":null}},"type":"if","locations":[{"start":{"line":143,"column":6},"end":{"line":146,"column":null}},{"start":{},"end":{}}],"line":143},"12":{"loc":{"start":{"line":152,"column":4},"end":{"line":152,"column":null}},"type":"if","locations":[{"start":{"line":152,"column":4},"end":{"line":152,"column":null}},{"start":{},"end":{}}],"line":152},"13":{"loc":{"start":{"line":152,"column":8},"end":{"line":152,"column":79}},"type":"binary-expr","locations":[{"start":{"line":152,"column":8},"end":{"line":152,"column":37}},{"start":{"line":152,"column":37},"end":{"line":152,"column":79}}],"line":152},"14":{"loc":{"start":{"line":156,"column":4},"end":{"line":162,"column":null}},"type":"if","locations":[{"start":{"line":156,"column":4},"end":{"line":162,"column":null}},{"start":{"line":159,"column":4},"end":{"line":162,"column":null}}],"line":156},"15":{"loc":{"start":{"line":156,"column":8},"end":{"line":156,"column":40}},"type":"binary-expr","locations":[{"start":{"line":156,"column":8},"end":{"line":156,"column":21}},{"start":{"line":156,"column":21},"end":{"line":156,"column":40}}],"line":156},"16":{"loc":{"start":{"line":159,"column":4},"end":{"line":162,"column":null}},"type":"if","locations":[{"start":{"line":159,"column":4},"end":{"line":162,"column":null}},{"start":{},"end":{}}],"line":159},"17":{"loc":{"start":{"line":159,"column":15},"end":{"line":159,"column":48}},"type":"binary-expr","locations":[{"start":{"line":159,"column":15},"end":{"line":159,"column":29}},{"start":{"line":159,"column":29},"end":{"line":159,"column":48}}],"line":159},"18":{"loc":{"start":{"line":167,"column":4},"end":{"line":167,"column":null}},"type":"if","locations":[{"start":{"line":167,"column":4},"end":{"line":167,"column":null}},{"start":{},"end":{}}],"line":167},"19":{"loc":{"start":{"line":167,"column":8},"end":{"line":167,"column":79}},"type":"binary-expr","locations":[{"start":{"line":167,"column":8},"end":{"line":167,"column":37}},{"start":{"line":167,"column":37},"end":{"line":167,"column":79}}],"line":167},"20":{"loc":{"start":{"line":170,"column":4},"end":{"line":172,"column":null}},"type":"if","locations":[{"start":{"line":170,"column":4},"end":{"line":172,"column":null}},{"start":{},"end":{}}],"line":170},"21":{"loc":{"start":{"line":177,"column":6},"end":{"line":177,"column":null}},"type":"if","locations":[{"start":{"line":177,"column":6},"end":{"line":177,"column":null}},{"start":{},"end":{}}],"line":177},"22":{"loc":{"start":{"line":182,"column":6},"end":{"line":185,"column":null}},"type":"if","locations":[{"start":{"line":182,"column":6},"end":{"line":185,"column":null}},{"start":{},"end":{}}],"line":182},"23":{"loc":{"start":{"line":191,"column":4},"end":{"line":191,"column":null}},"type":"if","locations":[{"start":{"line":191,"column":4},"end":{"line":191,"column":null}},{"start":{},"end":{}}],"line":191},"24":{"loc":{"start":{"line":193,"column":4},"end":{"line":197,"column":null}},"type":"if","locations":[{"start":{"line":193,"column":4},"end":{"line":197,"column":null}},{"start":{"line":195,"column":11},"end":{"line":197,"column":null}}],"line":193},"25":{"loc":{"start":{"line":202,"column":4},"end":{"line":202,"column":null}},"type":"if","locations":[{"start":{"line":202,"column":4},"end":{"line":202,"column":null}},{"start":{},"end":{}}],"line":202},"26":{"loc":{"start":{"line":205,"column":4},"end":{"line":208,"column":null}},"type":"if","locations":[{"start":{"line":205,"column":4},"end":{"line":208,"column":null}},{"start":{},"end":{}}],"line":205},"27":{"loc":{"start":{"line":212,"column":4},"end":{"line":214,"column":null}},"type":"if","locations":[{"start":{"line":212,"column":4},"end":{"line":214,"column":null}},{"start":{},"end":{}}],"line":212},"28":{"loc":{"start":{"line":212,"column":8},"end":{"line":212,"column":42}},"type":"binary-expr","locations":[{"start":{"line":212,"column":8},"end":{"line":212,"column":28}},{"start":{"line":212,"column":28},"end":{"line":212,"column":42}}],"line":212},"29":{"loc":{"start":{"line":218,"column":4},"end":{"line":220,"column":null}},"type":"if","locations":[{"start":{"line":218,"column":4},"end":{"line":220,"column":null}},{"start":{},"end":{}}],"line":218},"30":{"loc":{"start":{"line":225,"column":4},"end":{"line":230,"column":null}},"type":"if","locations":[{"start":{"line":225,"column":4},"end":{"line":230,"column":null}},{"start":{},"end":{}}],"line":225},"31":{"loc":{"start":{"line":227,"column":6},"end":{"line":229,"column":null}},"type":"if","locations":[{"start":{"line":227,"column":6},"end":{"line":229,"column":null}},{"start":{},"end":{}}],"line":227},"32":{"loc":{"start":{"line":236,"column":4},"end":{"line":238,"column":null}},"type":"if","locations":[{"start":{"line":236,"column":4},"end":{"line":238,"column":null}},{"start":{},"end":{}}],"line":236},"33":{"loc":{"start":{"line":239,"column":4},"end":{"line":243,"column":null}},"type":"if","locations":[{"start":{"line":239,"column":4},"end":{"line":243,"column":null}},{"start":{"line":241,"column":4},"end":{"line":243,"column":null}}],"line":239},"34":{"loc":{"start":{"line":241,"column":4},"end":{"line":243,"column":null}},"type":"if","locations":[{"start":{"line":241,"column":4},"end":{"line":243,"column":null}},{"start":{},"end":{}}],"line":241},"35":{"loc":{"start":{"line":247,"column":4},"end":{"line":250,"column":null}},"type":"if","locations":[{"start":{"line":247,"column":4},"end":{"line":250,"column":null}},{"start":{},"end":{}}],"line":247},"36":{"loc":{"start":{"line":254,"column":4},"end":{"line":254,"column":null}},"type":"if","locations":[{"start":{"line":254,"column":4},"end":{"line":254,"column":null}},{"start":{},"end":{}}],"line":254},"37":{"loc":{"start":{"line":256,"column":4},"end":{"line":266,"column":null}},"type":"if","locations":[{"start":{"line":256,"column":4},"end":{"line":266,"column":null}},{"start":{"line":261,"column":11},"end":{"line":266,"column":null}}],"line":256},"38":{"loc":{"start":{"line":257,"column":6},"end":{"line":259,"column":null}},"type":"if","locations":[{"start":{"line":257,"column":6},"end":{"line":259,"column":null}},{"start":{},"end":{}}],"line":257},"39":{"loc":{"start":{"line":262,"column":6},"end":{"line":264,"column":null}},"type":"if","locations":[{"start":{"line":262,"column":6},"end":{"line":264,"column":null}},{"start":{},"end":{}}],"line":262},"40":{"loc":{"start":{"line":270,"column":4},"end":{"line":270,"column":null}},"type":"if","locations":[{"start":{"line":270,"column":4},"end":{"line":270,"column":null}},{"start":{},"end":{}}],"line":270},"41":{"loc":{"start":{"line":277,"column":2},"end":{"line":288,"column":null}},"type":"if","locations":[{"start":{"line":277,"column":2},"end":{"line":288,"column":null}},{"start":{},"end":{}}],"line":277},"42":{"loc":{"start":{"line":281,"column":9},"end":{"line":284,"column":null}},"type":"binary-expr","locations":[{"start":{"line":281,"column":9},"end":{"line":281,"column":null}},{"start":{"line":282,"column":10},"end":{"line":284,"column":null}}],"line":281},"43":{"loc":{"start":{"line":291,"column":2},"end":{"line":343,"column":null}},"type":"if","locations":[{"start":{"line":291,"column":2},"end":{"line":343,"column":null}},{"start":{},"end":{}}],"line":291},"44":{"loc":{"start":{"line":307,"column":13},"end":{"line":307,"column":null}},"type":"cond-expr","locations":[{"start":{"line":307,"column":25},"end":{"line":307,"column":32}},{"start":{"line":307,"column":32},"end":{"line":307,"column":null}}],"line":307},"45":{"loc":{"start":{"line":313,"column":17},"end":{"line":313,"column":null}},"type":"binary-expr","locations":[{"start":{"line":313,"column":17},"end":{"line":313,"column":29}},{"start":{"line":313,"column":29},"end":{"line":313,"column":null}}],"line":313},"46":{"loc":{"start":{"line":314,"column":19},"end":{"line":314,"column":null}},"type":"binary-expr","locations":[{"start":{"line":314,"column":19},"end":{"line":314,"column":52}},{"start":{"line":314,"column":52},"end":{"line":314,"column":null}}],"line":314},"47":{"loc":{"start":{"line":320,"column":24},"end":{"line":320,"column":58}},"type":"binary-expr","locations":[{"start":{"line":320,"column":24},"end":{"line":320,"column":57}},{"start":{"line":320,"column":57},"end":{"line":320,"column":58}}],"line":320},"48":{"loc":{"start":{"line":324,"column":13},"end":{"line":324,"column":null}},"type":"cond-expr","locations":[{"start":{"line":324,"column":39},"end":{"line":324,"column":46}},{"start":{"line":324,"column":46},"end":{"line":324,"column":null}}],"line":324},"49":{"loc":{"start":{"line":324,"column":13},"end":{"line":324,"column":39}},"type":"binary-expr","locations":[{"start":{"line":324,"column":13},"end":{"line":324,"column":24}},{"start":{"line":324,"column":24},"end":{"line":324,"column":39}}],"line":324},"50":{"loc":{"start":{"line":324,"column":46},"end":{"line":324,"column":null}},"type":"cond-expr","locations":[{"start":{"line":324,"column":61},"end":{"line":324,"column":68}},{"start":{"line":324,"column":68},"end":{"line":324,"column":null}}],"line":324},"51":{"loc":{"start":{"line":338,"column":13},"end":{"line":338,"column":null}},"type":"cond-expr","locations":[{"start":{"line":338,"column":28},"end":{"line":338,"column":34}},{"start":{"line":338,"column":34},"end":{"line":338,"column":null}}],"line":338},"52":{"loc":{"start":{"line":354,"column":17},"end":{"line":354,"column":null}},"type":"cond-expr","locations":[{"start":{"line":354,"column":29},"end":{"line":354,"column":44}},{"start":{"line":354,"column":44},"end":{"line":354,"column":null}}],"line":354},"53":{"loc":{"start":{"line":360,"column":17},"end":{"line":361,"column":null}},"type":"binary-expr","locations":[{"start":{"line":360,"column":17},"end":{"line":360,"column":null}},{"start":{"line":361,"column":18},"end":{"line":361,"column":null}}],"line":360},"54":{"loc":{"start":{"line":369,"column":15},"end":{"line":369,"column":null}},"type":"cond-expr","locations":[{"start":{"line":369,"column":27},"end":{"line":369,"column":40}},{"start":{"line":369,"column":40},"end":{"line":369,"column":null}}],"line":369},"55":{"loc":{"start":{"line":371,"column":13},"end":{"line":379,"column":null}},"type":"binary-expr","locations":[{"start":{"line":371,"column":13},"end":{"line":371,"column":null}},{"start":{"line":372,"column":14},"end":{"line":379,"column":null}}],"line":371}},"s":{"0":1,"1":4,"2":4,"3":4,"4":4,"5":4,"6":4,"7":4,"8":4,"9":4,"10":4,"11":4,"12":4,"13":0,"14":0,"15":0,"16":0,"17":0,"18":0,"19":0,"20":4,"21":0,"22":4,"23":4,"24":4,"25":0,"26":0,"27":0,"28":0,"29":0,"30":0,"31":0,"32":0,"33":0,"34":0,"35":0,"36":0,"37":0,"38":0,"39":0,"40":0,"41":0,"42":4,"43":4,"44":4,"45":0,"46":0,"47":0,"48":0,"49":0,"50":0,"51":0,"52":4,"53":4,"54":4,"55":0,"56":0,"57":0,"58":0,"59":0,"60":0,"61":0,"62":0,"63":0,"64":0,"65":0,"66":4,"67":4,"68":4,"69":0,"70":0,"71":0,"72":4,"73":4,"74":4,"75":0,"76":0,"77":0,"78":0,"79":4,"80":0,"81":0,"82":4,"83":0,"84":0,"85":4,"86":0,"87":0,"88":0,"89":0,"90":0,"91":4,"92":0,"93":0,"94":0,"95":0,"96":0,"97":0,"98":0,"99":0,"100":4,"101":0,"102":0,"103":0,"104":4,"105":0,"106":0,"107":0,"108":0,"109":0,"110":0,"111":0,"112":0,"113":0,"114":4,"115":4,"116":0,"117":4,"118":4,"119":4,"120":4,"121":0,"122":4,"123":0,"124":4,"125":0},"f":{"0":4,"1":4,"2":0,"3":4,"4":0,"5":0,"6":0,"7":0,"8":4,"9":4,"10":0,"11":4,"12":4,"13":0,"14":0,"15":0,"16":0,"17":0,"18":0,"19":4,"20":0},"b":{"0":[4],"1":[4,0],"2":[0,0],"3":[0,0],"4":[4,0],"5":[4,0,0,0],"6":[0,0],"7":[0,0],"8":[0,0],"9":[0,0],"10":[0,0],"11":[0,0],"12":[4,0],"13":[4,0],"14":[0,0],"15":[0,0],"16":[0,0],"17":[0,0],"18":[4,0],"19":[4,0],"20":[0,0],"21":[0,0],"22":[0,0],"23":[4,0],"24":[0,0],"25":[4,0],"26":[0,0],"27":[0,0],"28":[0,0],"29":[0,0],"30":[0,0],"31":[0,0],"32":[0,0],"33":[0,0],"34":[0,0],"35":[0,0],"36":[0,0],"37":[0,0],"38":[0,0],"39":[0,0],"40":[0,4],"41":[0,4],"42":[0,0],"43":[0,4],"44":[0,0],"45":[0,0],"46":[0,0],"47":[0,0],"48":[0,0],"49":[0,0],"50":[0,0],"51":[0,0],"52":[1,3],"53":[4,1],"54":[1,3],"55":[4,0]},"meta":{"lastBranch":56,"lastFunction":21,"lastStatement":126,"seen":{"s:55:27:391:Infinity":0,"f:55:27:55:28":0,"b:63:10:63:Infinity":0,"s:65:8:65:Infinity":1,"s:66:8:66:Infinity":2,"s:67:8:67:Infinity":3,"s:68:30:68:Infinity":4,"s:69:26:69:Infinity":5,"s:70:28:70:Infinity":6,"s:71:38:71:Infinity":7,"s:72:38:72:Infinity":8,"s:73:8:73:Infinity":9,"s:76:2:94:Infinity":10,"f:76:12:76:18":1,"b:77:4:77:Infinity:undefined:undefined:undefined:undefined":1,"s:77:4:77:Infinity":11,"s:77:21:77:Infinity":12,"b:80:4:83:Infinity:undefined:undefined:undefined:undefined":2,"s:80:4:83:Infinity":13,"b:80:8:80:21:80:21:80:39":3,"s:81:6:81:Infinity":14,"s:82:6:82:Infinity":15,"s:86:16:86:Infinity":16,"s:87:4:87:Infinity":17,"s:88:27:88:Infinity":18,"s:89:4:89:Infinity":19,"s:91:4:93:Infinity":20,"f:91:37:91:43":2,"s:92:6:92:Infinity":21,"s:97:2:148:Infinity":22,"f:97:12:97:18":3,"b:98:4:98:Infinity:undefined:undefined:undefined:undefined":4,"s:98:4:98:Infinity":23,"b:98:8:98:23:98:23:98:40:98:40:98:62:98:62:98:88":5,"s:98:88:98:Infinity":24,"s:100:21:100:Infinity":25,"s:101:4:101:Infinity":26,"s:103:4:140:Infinity":27,"f:115:17:115:23":4,"s:116:10:116:Infinity":28,"f:119:23:119:24":5,"b:121:10:137:Infinity:132:17:137:Infinity":6,"s:121:10:137:Infinity":29,"b:121:14:121:34:121:34:121:48":7,"s:123:29:128:Infinity":30,"f:123:41:123:47":6,"b:124:14:127:Infinity:undefined:undefined:undefined:undefined":8,"s:124:14:127:Infinity":31,"s:125:29:125:Infinity":32,"s:126:16:126:Infinity":33,"b:129:12:131:Infinity:undefined:undefined:undefined:undefined":9,"s:129:12:131:Infinity":34,"s:130:14:130:Infinity":35,"b:134:12:136:Infinity:undefined:undefined:undefined:undefined":10,"s:134:12:136:Infinity":36,"s:135:14:135:Infinity":37,"s:142:4:147:Infinity":38,"f:142:11:142:17":7,"b:143:6:146:Infinity:undefined:undefined:undefined:undefined":11,"s:143:6:146:Infinity":39,"s:144:8:144:Infinity":40,"s:145:8:145:Infinity":41,"s:151:2:163:Infinity":42,"f:151:12:151:18":8,"b:152:4:152:Infinity:undefined:undefined:undefined:undefined":12,"s:152:4:152:Infinity":43,"b:152:8:152:37:152:37:152:79":13,"s:152:79:152:Infinity":44,"s:154:24:154:Infinity":45,"b:156:4:162:Infinity:159:4:162:Infinity":14,"s:156:4:162:Infinity":46,"b:156:8:156:21:156:21:156:40":15,"s:157:6:157:Infinity":47,"s:158:6:158:Infinity":48,"b:159:4:162:Infinity:undefined:undefined:undefined:undefined":16,"s:159:4:162:Infinity":49,"b:159:15:159:29:159:29:159:48":17,"s:160:6:160:Infinity":50,"s:161:6:161:Infinity":51,"s:166:2:187:Infinity":52,"f:166:12:166:18":9,"b:167:4:167:Infinity:undefined:undefined:undefined:undefined":18,"s:167:4:167:Infinity":53,"b:167:8:167:37:167:37:167:79":19,"s:167:79:167:Infinity":54,"b:170:4:172:Infinity:undefined:undefined:undefined:undefined":20,"s:170:4:172:Infinity":55,"s:171:6:171:Infinity":56,"s:175:4:186:Infinity":57,"f:175:40:175:46":10,"s:176:21:176:Infinity":58,"b:177:6:177:Infinity:undefined:undefined:undefined:undefined":21,"s:177:6:177:Infinity":59,"s:177:19:177:Infinity":60,"s:179:33:179:Infinity":61,"s:180:19:180:Infinity":62,"b:182:6:185:Infinity:undefined:undefined:undefined:undefined":22,"s:182:6:185:Infinity":63,"s:183:8:183:Infinity":64,"s:184:8:184:Infinity":65,"s:190:2:198:Infinity":66,"f:190:12:190:18":11,"b:191:4:191:Infinity:undefined:undefined:undefined:undefined":23,"s:191:4:191:Infinity":67,"s:191:27:191:Infinity":68,"b:193:4:197:Infinity:195:11:197:Infinity":24,"s:193:4:197:Infinity":69,"s:194:6:194:Infinity":70,"s:196:6:196:Infinity":71,"s:201:2:209:Infinity":72,"f:201:12:201:18":12,"b:202:4:202:Infinity:undefined:undefined:undefined:undefined":25,"s:202:4:202:Infinity":73,"s:202:27:202:Infinity":74,"s:204:17:204:Infinity":75,"b:205:4:208:Infinity:undefined:undefined:undefined:undefined":26,"s:205:4:208:Infinity":76,"s:206:6:206:Infinity":77,"s:207:6:207:Infinity":78,"s:211:27:215:Infinity":79,"f:211:27:211:33":13,"b:212:4:214:Infinity:undefined:undefined:undefined:undefined":27,"s:212:4:214:Infinity":80,"b:212:8:212:28:212:28:212:42":28,"s:213:6:213:Infinity":81,"s:217:31:221:Infinity":82,"f:217:31:217:37":14,"b:218:4:220:Infinity:undefined:undefined:undefined:undefined":29,"s:218:4:220:Infinity":83,"s:219:6:219:Infinity":84,"s:223:21:231:Infinity":85,"f:223:21:223:22":15,"s:224:17:224:Infinity":86,"b:225:4:230:Infinity:undefined:undefined:undefined:undefined":30,"s:225:4:230:Infinity":87,"s:226:6:226:Infinity":88,"b:227:6:229:Infinity:undefined:undefined:undefined:undefined":31,"s:227:6:229:Infinity":89,"s:228:8:228:Infinity":90,"s:233:29:244:Infinity":91,"f:233:29:233:30":16,"s:234:22:234:Infinity":92,"s:235:4:235:Infinity":93,"b:236:4:238:Infinity:undefined:undefined:undefined:undefined":32,"s:236:4:238:Infinity":94,"s:237:6:237:Infinity":95,"b:239:4:243:Infinity:241:4:243:Infinity":33,"s:239:4:243:Infinity":96,"s:240:6:240:Infinity":97,"b:241:4:243:Infinity:undefined:undefined:undefined:undefined":34,"s:241:4:243:Infinity":98,"s:242:6:242:Infinity":99,"s:246:21:251:Infinity":100,"f:246:21:246:27":17,"b:247:4:250:Infinity:undefined:undefined:undefined:undefined":35,"s:247:4:250:Infinity":101,"s:248:6:248:Infinity":102,"s:249:6:249:Infinity":103,"s:253:27:267:Infinity":104,"f:253:27:253:33":18,"b:254:4:254:Infinity:undefined:undefined:undefined:undefined":36,"s:254:4:254:Infinity":105,"s:254:27:254:Infinity":106,"b:256:4:266:Infinity:261:11:266:Infinity":37,"s:256:4:266:Infinity":107,"b:257:6:259:Infinity:undefined:undefined:undefined:undefined":38,"s:257:6:259:Infinity":108,"s:258:8:258:Infinity":109,"s:260:6:260:Infinity":110,"b:262:6:264:Infinity:undefined:undefined:undefined:undefined":39,"s:262:6:264:Infinity":111,"s:263:8:263:Infinity":112,"s:265:6:265:Infinity":113,"s:269:21:274:Infinity":114,"f:269:21:269:22":19,"b:270:4:270:Infinity:undefined:undefined:undefined:undefined":40,"s:270:4:270:Infinity":115,"s:270:24:270:Infinity":116,"s:271:17:271:Infinity":117,"s:272:17:272:Infinity":118,"s:273:4:273:Infinity":119,"b:277:2:288:Infinity:undefined:undefined:undefined:undefined":41,"s:277:2:288:Infinity":120,"s:278:4:286:Infinity":121,"b:281:9:281:Infinity:282:10:284:Infinity":42,"b:291:2:343:Infinity:undefined:undefined:undefined:undefined":43,"s:291:2:343:Infinity":122,"s:292:4:341:Infinity":123,"b:307:25:307:32:307:32:307:Infinity":44,"b:313:17:313:29:313:29:313:Infinity":45,"b:314:19:314:52:314:52:314:Infinity":46,"b:320:24:320:57:320:57:320:58":47,"b:324:39:324:46:324:46:324:Infinity":48,"b:324:13:324:24:324:24:324:39":49,"b:324:61:324:68:324:68:324:Infinity":50,"b:338:28:338:34:338:34:338:Infinity":51,"s:346:2:389:Infinity":124,"b:354:29:354:44:354:44:354:Infinity":52,"b:360:17:360:Infinity:361:18:361:Infinity":53,"b:369:27:369:40:369:40:369:Infinity":54,"b:371:13:371:Infinity:372:14:379:Infinity":55,"f:377:26:377:27":20,"s:377:33:377:Infinity":125}}}
,"C:\\Users\\User\\IdeaProjects\\moviedata\\src\\features\\favorites\\favoritesSlice.ts": {"path":"C:\\Users\\User\\IdeaProjects\\moviedata\\src\\features\\favorites\\favoritesSlice.ts","statementMap":{"0":{"start":{"line":4,"column":37},"end":{"line":6,"column":null}},"1":{"start":{"line":8,"column":6},"end":{"line":28,"column":null}},"2":{"start":{"line":13,"column":21},"end":{"line":13,"column":null}},"3":{"start":{"line":13,"column":53},"end":{"line":13,"column":83}},"4":{"start":{"line":14,"column":6},"end":{"line":17,"column":null}},"5":{"start":{"line":15,"column":8},"end":{"line":15,"column":null}},"6":{"start":{"line":16,"column":8},"end":{"line":16,"column":null}},"7":{"start":{"line":20,"column":6},"end":{"line":20,"column":null}},"8":{"start":{"line":20,"column":58},"end":{"line":20,"column":85}},"9":{"start":{"line":21,"column":6},"end":{"line":21,"column":null}},"10":{"start":{"line":24,"column":6},"end":{"line":24,"column":null}},"11":{"start":{"line":25,"column":6},"end":{"line":25,"column":null}},"12":{"start":{"line":30,"column":71},"end":{"line":30,"column":null}}},"fnMap":{"0":{"name":"(anonymous_0)","decl":{"start":{"line":12,"column":20},"end":{"line":12,"column":21}},"loc":{"start":{"line":12,"column":61},"end":{"line":18,"column":null}},"line":12},"1":{"name":"(anonymous_1)","decl":{"start":{"line":13,"column":42},"end":{"line":13,"column":43}},"loc":{"start":{"line":13,"column":53},"end":{"line":13,"column":83}},"line":13},"2":{"name":"(anonymous_2)","decl":{"start":{"line":19,"column":25},"end":{"line":19,"column":26}},"loc":{"start":{"line":19,"column":67},"end":{"line":22,"column":null}},"line":19},"3":{"name":"(anonymous_3)","decl":{"start":{"line":20,"column":47},"end":{"line":20,"column":48}},"loc":{"start":{"line":20,"column":58},"end":{"line":20,"column":85}},"line":20},"4":{"name":"(anonymous_4)","decl":{"start":{"line":23,"column":20},"end":{"line":23,"column":21}},"loc":{"start":{"line":23,"column":31},"end":{"line":26,"column":null}},"line":23}},"branchMap":{"0":{"loc":{"start":{"line":5,"column":24},"end":{"line":5,"column":65}},"type":"binary-expr","locations":[{"start":{"line":5,"column":24},"end":{"line":5,"column":61}},{"start":{"line":5,"column":61},"end":{"line":5,"column":65}}],"line":5},"1":{"loc":{"start":{"line":14,"column":6},"end":{"line":17,"column":null}},"type":"if","locations":[{"start":{"line":14,"column":6},"end":{"line":17,"column":null}},{"start":{},"end":{}}],"line":14}},"s":{"0":1,"1":1,"2":0,"3":0,"4":0,"5":0,"6":0,"7":0,"8":0,"9":0,"10":0,"11":0,"12":1},"f":{"0":0,"1":0,"2":0,"3":0,"4":0},"b":{"0":[1,1],"1":[0,0]},"meta":{"lastBranch":2,"lastFunction":5,"lastStatement":13,"seen":{"s:4:37:6:Infinity":0,"b:5:24:5:61:5:61:5:65":0,"s:8:6:28:Infinity":1,"f:12:20:12:21":0,"s:13:21:13:Infinity":2,"f:13:42:13:43":1,"s:13:53:13:83":3,"b:14:6:17:Infinity:undefined:undefined:undefined:undefined":1,"s:14:6:17:Infinity":4,"s:15:8:15:Infinity":5,"s:16:8:16:Infinity":6,"f:19:25:19:26":2,"s:20:6:20:Infinity":7,"f:20:47:20:48":3,"s:20:58:20:85":8,"s:21:6:21:Infinity":9,"f:23:20:23:21":4,"s:24:6:24:Infinity":10,"s:25:6:25:Infinity":11,"s:30:71:30:Infinity":12}}}
,"C:\\Users\\User\\IdeaProjects\\moviedata\\src\\features\\movies\\moviesSlice.ts": {"path":"C:\\Users\\User\\IdeaProjects\\moviedata\\src\\features\\movies\\moviesSlice.ts","statementMap":{"0":{"start":{"line":5,"column":34},"end":{"line":13,"column":null}},"1":{"start":{"line":16,"column":13},"end":{"line":22,"column":null}},"2":{"start":{"line":19,"column":17},"end":{"line":19,"column":null}},"3":{"start":{"line":20,"column":4},"end":{"line":20,"column":null}},"4":{"start":{"line":24,"column":13},"end":{"line":30,"column":null}},"5":{"start":{"line":27,"column":17},"end":{"line":27,"column":null}},"6":{"start":{"line":28,"column":4},"end":{"line":28,"column":null}},"7":{"start":{"line":32,"column":13},"end":{"line":38,"column":null}},"8":{"start":{"line":35,"column":17},"end":{"line":35,"column":null}},"9":{"start":{"line":36,"column":4},"end":{"line":36,"column":null}},"10":{"start":{"line":40,"column":6},"end":{"line":94,"column":null}},"11":{"start":{"line":45,"column":6},"end":{"line":45,"column":null}},"12":{"start":{"line":48,"column":6},"end":{"line":48,"column":null}},"13":{"start":{"line":52,"column":4},"end":{"line":92,"column":null}},"14":{"start":{"line":55,"column":8},"end":{"line":55,"column":null}},"15":{"start":{"line":56,"column":8},"end":{"line":56,"column":null}},"16":{"start":{"line":59,"column":8},"end":{"line":59,"column":null}},"17":{"start":{"line":60,"column":8},"end":{"line":60,"column":null}},"18":{"start":{"line":61,"column":8},"end":{"line":61,"column":null}},"19":{"start":{"line":64,"column":8},"end":{"line":64,"column":null}},"20":{"start":{"line":65,"column":8},"end":{"line":65,"column":null}},"21":{"start":{"line":69,"column":8},"end":{"line":69,"column":null}},"22":{"start":{"line":70,"column":8},"end":{"line":70,"column":null}},"23":{"start":{"line":73,"column":8},"end":{"line":73,"column":null}},"24":{"start":{"line":74,"column":8},"end":{"line":74,"column":null}},"25":{"start":{"line":77,"column":8},"end":{"line":77,"column":null}},"26":{"start":{"line":78,"column":8},"end":{"line":78,"column":null}},"27":{"start":{"line":82,"column":8},"end":{"line":82,"column":null}},"28":{"start":{"line":83,"column":8},"end":{"line":83,"column":null}},"29":{"start":{"line":86,"column":8},"end":{"line":86,"column":null}},"30":{"start":{"line":87,"column":8},"end":{"line":87,"column":null}},"31":{"start":{"line":90,"column":8},"end":{"line":90,"column":null}},"32":{"start":{"line":91,"column":8},"end":{"line":91,"column":null}},"33":{"start":{"line":96,"column":57},"end":{"line":96,"column":null}}},"fnMap":{"0":{"name":"(anonymous_0)","decl":{"start":{"line":18,"column":2},"end":{"line":18,"column":9}},"loc":{"start":{"line":18,"column":30},"end":{"line":21,"column":null}},"line":18},"1":{"name":"(anonymous_1)","decl":{"start":{"line":26,"column":2},"end":{"line":26,"column":9}},"loc":{"start":{"line":26,"column":63},"end":{"line":29,"column":null}},"line":26},"2":{"name":"(anonymous_2)","decl":{"start":{"line":34,"column":2},"end":{"line":34,"column":9}},"loc":{"start":{"line":34,"column":29},"end":{"line":37,"column":null}},"line":34},"3":{"name":"(anonymous_3)","decl":{"start":{"line":44,"column":24},"end":{"line":44,"column":25}},"loc":{"start":{"line":44,"column":35},"end":{"line":46,"column":null}},"line":44},"4":{"name":"(anonymous_4)","decl":{"start":{"line":47,"column":23},"end":{"line":47,"column":24}},"loc":{"start":{"line":47,"column":34},"end":{"line":49,"column":null}},"line":47},"5":{"name":"(anonymous_5)","decl":{"start":{"line":51,"column":17},"end":{"line":51,"column":18}},"loc":{"start":{"line":51,"column":30},"end":{"line":93,"column":null}},"line":51},"6":{"name":"(anonymous_6)","decl":{"start":{"line":54,"column":43},"end":{"line":54,"column":44}},"loc":{"start":{"line":54,"column":54},"end":{"line":57,"column":7}},"line":54},"7":{"name":"(anonymous_7)","decl":{"start":{"line":58,"column":45},"end":{"line":58,"column":46}},"loc":{"start":{"line":58,"column":64},"end":{"line":62,"column":7}},"line":58},"8":{"name":"(anonymous_8)","decl":{"start":{"line":63,"column":44},"end":{"line":63,"column":45}},"loc":{"start":{"line":63,"column":63},"end":{"line":66,"column":7}},"line":63},"9":{"name":"(anonymous_9)","decl":{"start":{"line":68,"column":37},"end":{"line":68,"column":38}},"loc":{"start":{"line":68,"column":48},"end":{"line":71,"column":7}},"line":68},"10":{"name":"(anonymous_10)","decl":{"start":{"line":72,"column":39},"end":{"line":72,"column":40}},"loc":{"start":{"line":72,"column":58},"end":{"line":75,"column":7}},"line":72},"11":{"name":"(anonymous_11)","decl":{"start":{"line":76,"column":38},"end":{"line":76,"column":39}},"loc":{"start":{"line":76,"column":57},"end":{"line":79,"column":7}},"line":76},"12":{"name":"(anonymous_12)","decl":{"start":{"line":81,"column":42},"end":{"line":81,"column":43}},"loc":{"start":{"line":81,"column":53},"end":{"line":84,"column":7}},"line":81},"13":{"name":"(anonymous_13)","decl":{"start":{"line":85,"column":44},"end":{"line":85,"column":45}},"loc":{"start":{"line":85,"column":63},"end":{"line":88,"column":7}},"line":85},"14":{"name":"(anonymous_14)","decl":{"start":{"line":89,"column":43},"end":{"line":89,"column":44}},"loc":{"start":{"line":89,"column":62},"end":{"line":92,"column":7}},"line":89}},"branchMap":{"0":{"loc":{"start":{"line":18,"column":9},"end":{"line":18,"column":30}},"type":"default-arg","locations":[{"start":{"line":18,"column":24},"end":{"line":18,"column":30}}],"line":18},"1":{"loc":{"start":{"line":65,"column":22},"end":{"line":65,"column":null}},"type":"binary-expr","locations":[{"start":{"line":65,"column":22},"end":{"line":65,"column":46}},{"start":{"line":65,"column":46},"end":{"line":65,"column":null}}],"line":65},"2":{"loc":{"start":{"line":78,"column":22},"end":{"line":78,"column":null}},"type":"binary-expr","locations":[{"start":{"line":78,"column":22},"end":{"line":78,"column":46}},{"start":{"line":78,"column":46},"end":{"line":78,"column":null}}],"line":78},"3":{"loc":{"start":{"line":91,"column":22},"end":{"line":91,"column":null}},"type":"binary-expr","locations":[{"start":{"line":91,"column":22},"end":{"line":91,"column":46}},{"start":{"line":91,"column":46},"end":{"line":91,"column":null}}],"line":91}},"s":{"0":2,"1":2,"2":0,"3":0,"4":2,"5":0,"6":0,"7":2,"8":0,"9":0,"10":2,"11":1,"12":1,"13":2,"14":0,"15":0,"16":0,"17":0,"18":0,"19":0,"20":0,"21":0,"22":0,"23":0,"24":0,"25":0,"26":0,"27":0,"28":0,"29":0,"30":0,"31":0,"32":0,"33":2},"f":{"0":0,"1":0,"2":0,"3":1,"4":1,"5":2,"6":0,"7":0,"8":0,"9":0,"10":0,"11":0,"12":0,"13":0,"14":0},"b":{"0":[0],"1":[0,0],"2":[0,0],"3":[0,0]},"meta":{"lastBranch":4,"lastFunction":15,"lastStatement":34,"seen":{"s:5:34:13:Infinity":0,"s:16:13:22:Infinity":1,"f:18:2:18:9":0,"b:18:24:18:30":0,"s:19:17:19:Infinity":2,"s:20:4:20:Infinity":3,"s:24:13:30:Infinity":4,"f:26:2:26:9":1,"s:27:17:27:Infinity":5,"s:28:4:28:Infinity":6,"s:32:13:38:Infinity":7,"f:34:2:34:9":2,"s:35:17:35:Infinity":8,"s:36:4:36:Infinity":9,"s:40:6:94:Infinity":10,"f:44:24:44:25":3,"s:45:6:45:Infinity":11,"f:47:23:47:24":4,"s:48:6:48:Infinity":12,"f:51:17:51:18":5,"s:52:4:92:Infinity":13,"f:54:43:54:44":6,"s:55:8:55:Infinity":14,"s:56:8:56:Infinity":15,"f:58:45:58:46":7,"s:59:8:59:Infinity":16,"s:60:8:60:Infinity":17,"s:61:8:61:Infinity":18,"f:63:44:63:45":8,"s:64:8:64:Infinity":19,"s:65:8:65:Infinity":20,"b:65:22:65:46:65:46:65:Infinity":1,"f:68:37:68:38":9,"s:69:8:69:Infinity":21,"s:70:8:70:Infinity":22,"f:72:39:72:40":10,"s:73:8:73:Infinity":23,"s:74:8:74:Infinity":24,"f:76:38:76:39":11,"s:77:8:77:Infinity":25,"s:78:8:78:Infinity":26,"b:78:22:78:46:78:46:78:Infinity":2,"f:81:42:81:43":12,"s:82:8:82:Infinity":27,"s:83:8:83:Infinity":28,"f:85:44:85:45":13,"s:86:8:86:Infinity":29,"s:87:8:87:Infinity":30,"f:89:43:89:44":14,"s:90:8:90:Infinity":31,"s:91:8:91:Infinity":32,"b:91:22:91:46:91:46:91:Infinity":3,"s:96:57:96:Infinity":33}}}
,"C:\\Users\\User\\IdeaProjects\\moviedata\\src\\features\\watchParty\\watchPartySlice.ts": {"path":"C:\\Users\\User\\IdeaProjects\\moviedata\\src\\features\\watchParty\\watchPartySlice.ts","statementMap":{"0":{"start":{"line":5,"column":22},"end":{"line":5,"column":null}},"1":{"start":{"line":5,"column":77},"end":{"line":5,"column":null}},"2":{"start":{"line":7,"column":24},"end":{"line":15,"column":null}},"3":{"start":{"line":8,"column":2},"end":{"line":14,"column":null}},"4":{"start":{"line":9,"column":25},"end":{"line":9,"column":null}},"5":{"start":{"line":10,"column":21},"end":{"line":10,"column":null}},"6":{"start":{"line":11,"column":4},"end":{"line":11,"column":null}},"7":{"start":{"line":13,"column":4},"end":{"line":13,"column":null}},"8":{"start":{"line":17,"column":22},"end":{"line":19,"column":null}},"9":{"start":{"line":18,"column":2},"end":{"line":18,"column":null}},"10":{"start":{"line":21,"column":38},"end":{"line":30,"column":null}},"11":{"start":{"line":32,"column":6},"end":{"line":131,"column":null}},"12":{"start":{"line":37,"column":6},"end":{"line":37,"column":null}},"13":{"start":{"line":38,"column":6},"end":{"line":38,"column":null}},"14":{"start":{"line":39,"column":6},"end":{"line":39,"column":null}},"15":{"start":{"line":40,"column":6},"end":{"line":40,"column":null}},"16":{"start":{"line":41,"column":6},"end":{"line":45,"column":null}},"17":{"start":{"line":46,"column":6},"end":{"line":46,"column":null}},"18":{"start":{"line":47,"column":6},"end":{"line":47,"column":null}},"19":{"start":{"line":48,"column":6},"end":{"line":48,"column":null}},"20":{"start":{"line":51,"column":6},"end":{"line":51,"column":null}},"21":{"start":{"line":52,"column":6},"end":{"line":52,"column":null}},"22":{"start":{"line":56,"column":6},"end":{"line":56,"column":null}},"23":{"start":{"line":57,"column":6},"end":{"line":57,"column":null}},"24":{"start":{"line":58,"column":6},"end":{"line":58,"column":null}},"25":{"start":{"line":59,"column":6},"end":{"line":59,"column":null}},"26":{"start":{"line":62,"column":21},"end":{"line":62,"column":null}},"27":{"start":{"line":63,"column":6},"end":{"line":63,"column":null}},"28":{"start":{"line":64,"column":6},"end":{"line":64,"column":null}},"29":{"start":{"line":67,"column":23},"end":{"line":67,"column":null}},"30":{"start":{"line":67,"column":52},"end":{"line":67,"column":82}},"31":{"start":{"line":68,"column":6},"end":{"line":75,"column":null}},"32":{"start":{"line":69,"column":8},"end":{"line":73,"column":null}},"33":{"start":{"line":74,"column":8},"end":{"line":74,"column":null}},"34":{"start":{"line":79,"column":6},"end":{"line":83,"column":null}},"35":{"start":{"line":81,"column":8},"end":{"line":81,"column":null}},"36":{"start":{"line":82,"column":8},"end":{"line":82,"column":null}},"37":{"start":{"line":84,"column":6},"end":{"line":84,"column":null}},"38":{"start":{"line":85,"column":6},"end":{"line":85,"column":null}},"39":{"start":{"line":86,"column":6},"end":{"line":86,"column":null}},"40":{"start":{"line":87,"column":6},"end":{"line":87,"column":null}},"41":{"start":{"line":88,"column":6},"end":{"line":88,"column":null}},"42":{"start":{"line":92,"column":23},"end":{"line":92,"column":null}},"43":{"start":{"line":92,"column":52},"end":{"line":92,"column":78}},"44":{"start":{"line":93,"column":6},"end":{"line":98,"column":null}},"45":{"start":{"line":94,"column":8},"end":{"line":94,"column":null}},"46":{"start":{"line":95,"column":8},"end":{"line":97,"column":null}},"47":{"start":{"line":96,"column":10},"end":{"line":96,"column":null}},"48":{"start":{"line":102,"column":6},"end":{"line":102,"column":null}},"49":{"start":{"line":102,"column":58},"end":{"line":102,"column":81}},"50":{"start":{"line":103,"column":6},"end":{"line":105,"column":null}},"51":{"start":{"line":104,"column":8},"end":{"line":104,"column":null}},"52":{"start":{"line":109,"column":6},"end":{"line":109,"column":null}},"53":{"start":{"line":113,"column":6},"end":{"line":113,"column":null}},"54":{"start":{"line":117,"column":6},"end":{"line":117,"column":null}},"55":{"start":{"line":118,"column":6},"end":{"line":120,"column":null}},"56":{"start":{"line":119,"column":8},"end":{"line":119,"column":null}},"57":{"start":{"line":124,"column":6},"end":{"line":128,"column":null}},"58":{"start":{"line":125,"column":23},"end":{"line":125,"column":null}},"59":{"start":{"line":126,"column":8},"end":{"line":126,"column":null}},"60":{"start":{"line":127,"column":8},"end":{"line":127,"column":null}},"61":{"start":{"line":143,"column":4},"end":{"line":143,"column":null}}},"fnMap":{"0":{"name":"(anonymous_0)","decl":{"start":{"line":5,"column":22},"end":{"line":5,"column":23}},"loc":{"start":{"line":5,"column":77},"end":{"line":5,"column":null}},"line":5},"1":{"name":"(anonymous_1)","decl":{"start":{"line":7,"column":24},"end":{"line":7,"column":25}},"loc":{"start":{"line":7,"column":102},"end":{"line":15,"column":null}},"line":7},"2":{"name":"(anonymous_2)","decl":{"start":{"line":17,"column":22},"end":{"line":17,"column":23}},"loc":{"start":{"line":17,"column":114},"end":{"line":19,"column":null}},"line":17},"3":{"name":"(anonymous_3)","decl":{"start":{"line":36,"column":16},"end":{"line":36,"column":17}},"loc":{"start":{"line":36,"column":121},"end":{"line":53,"column":null}},"line":36},"4":{"name":"(anonymous_4)","decl":{"start":{"line":55,"column":14},"end":{"line":55,"column":15}},"loc":{"start":{"line":55,"column":119},"end":{"line":76,"column":null}},"line":55},"5":{"name":"(anonymous_5)","decl":{"start":{"line":67,"column":47},"end":{"line":67,"column":52}},"loc":{"start":{"line":67,"column":52},"end":{"line":67,"column":82}},"line":67},"6":{"name":"(anonymous_6)","decl":{"start":{"line":78,"column":15},"end":{"line":78,"column":16}},"loc":{"start":{"line":78,"column":26},"end":{"line":89,"column":null}},"line":78},"7":{"name":"(anonymous_7)","decl":{"start":{"line":91,"column":20},"end":{"line":91,"column":21}},"loc":{"start":{"line":91,"column":67},"end":{"line":99,"column":null}},"line":91},"8":{"name":"(anonymous_8)","decl":{"start":{"line":92,"column":47},"end":{"line":92,"column":52}},"loc":{"start":{"line":92,"column":52},"end":{"line":92,"column":78}},"line":92},"9":{"name":"(anonymous_9)","decl":{"start":{"line":101,"column":23},"end":{"line":101,"column":24}},"loc":{"start":{"line":101,"column":65},"end":{"line":106,"column":null}},"line":101},"10":{"name":"(anonymous_10)","decl":{"start":{"line":102,"column":53},"end":{"line":102,"column":58}},"loc":{"start":{"line":102,"column":58},"end":{"line":102,"column":81}},"line":102},"11":{"name":"(anonymous_11)","decl":{"start":{"line":108,"column":16},"end":{"line":108,"column":17}},"loc":{"start":{"line":108,"column":59},"end":{"line":110,"column":null}},"line":108},"12":{"name":"(anonymous_12)","decl":{"start":{"line":112,"column":20},"end":{"line":112,"column":21}},"loc":{"start":{"line":112,"column":62},"end":{"line":114,"column":null}},"line":112},"13":{"name":"(anonymous_13)","decl":{"start":{"line":116,"column":16},"end":{"line":116,"column":17}},"loc":{"start":{"line":116,"column":63},"end":{"line":121,"column":null}},"line":116},"14":{"name":"(anonymous_14)","decl":{"start":{"line":123,"column":27},"end":{"line":123,"column":28}},"loc":{"start":{"line":123,"column":38},"end":{"line":129,"column":null}},"line":123}},"branchMap":{"0":{"loc":{"start":{"line":9,"column":36},"end":{"line":9,"column":103}},"type":"binary-expr","locations":[{"start":{"line":9,"column":36},"end":{"line":9,"column":99}},{"start":{"line":9,"column":99},"end":{"line":9,"column":103}}],"line":9},"1":{"loc":{"start":{"line":10,"column":32},"end":{"line":10,"column":95}},"type":"binary-expr","locations":[{"start":{"line":10,"column":32},"end":{"line":10,"column":91}},{"start":{"line":10,"column":91},"end":{"line":10,"column":95}}],"line":10},"2":{"loc":{"start":{"line":68,"column":6},"end":{"line":75,"column":null}},"type":"if","locations":[{"start":{"line":68,"column":6},"end":{"line":75,"column":null}},{"start":{},"end":{}}],"line":68},"3":{"loc":{"start":{"line":79,"column":6},"end":{"line":83,"column":null}},"type":"if","locations":[{"start":{"line":79,"column":6},"end":{"line":83,"column":null}},{"start":{},"end":{}}],"line":79},"4":{"loc":{"start":{"line":93,"column":6},"end":{"line":98,"column":null}},"type":"if","locations":[{"start":{"line":93,"column":6},"end":{"line":98,"column":null}},{"start":{},"end":{}}],"line":93},"5":{"loc":{"start":{"line":95,"column":8},"end":{"line":97,"column":null}},"type":"if","locations":[{"start":{"line":95,"column":8},"end":{"line":97,"column":null}},{"start":{},"end":{}}],"line":95},"6":{"loc":{"start":{"line":103,"column":6},"end":{"line":105,"column":null}},"type":"if","locations":[{"start":{"line":103,"column":6},"end":{"line":105,"column":null}},{"start":{},"end":{}}],"line":103},"7":{"loc":{"start":{"line":118,"column":6},"end":{"line":120,"column":null}},"type":"if","locations":[{"start":{"line":118,"column":6},"end":{"line":120,"column":null}},{"start":{},"end":{}}],"line":118},"8":{"loc":{"start":{"line":124,"column":6},"end":{"line":128,"column":null}},"type":"if","locations":[{"start":{"line":124,"column":6},"end":{"line":128,"column":null}},{"start":{},"end":{}}],"line":124}},"s":{"0":1,"1":12,"2":1,"3":1,"4":1,"5":1,"6":1,"7":0,"8":1,"9":8,"10":1,"11":1,"12":3,"13":3,"14":3,"15":3,"16":3,"17":3,"18":3,"19":3,"20":3,"21":3,"22":1,"23":1,"24":1,"25":1,"26":1,"27":1,"28":1,"29":1,"30":0,"31":1,"32":1,"33":1,"34":1,"35":1,"36":1,"37":1,"38":1,"39":1,"40":1,"41":1,"42":3,"43":2,"44":3,"45":2,"46":2,"47":1,"48":0,"49":0,"50":0,"51":0,"52":2,"53":0,"54":1,"55":1,"56":0,"57":0,"58":0,"59":0,"60":0,"61":1},"f":{"0":12,"1":1,"2":8,"3":3,"4":1,"5":0,"6":1,"7":3,"8":2,"9":0,"10":0,"11":2,"12":0,"13":1,"14":0},"b":{"0":[1,1],"1":[1,1],"2":[1,0],"3":[1,0],"4":[2,1],"5":[1,1],"6":[0,0],"7":[0,1],"8":[0,0]},"meta":{"lastBranch":9,"lastFunction":15,"lastStatement":62,"seen":{"s:5:22:5:Infinity":0,"f:5:22:5:23":0,"s:5:77:5:Infinity":1,"s:7:24:15:Infinity":2,"f:7:24:7:25":1,"s:8:2:14:Infinity":3,"s:9:25:9:Infinity":4,"b:9:36:9:99:9:99:9:103":0,"s:10:21:10:Infinity":5,"b:10:32:10:91:10:91:10:95":1,"s:11:4:11:Infinity":6,"s:13:4:13:Infinity":7,"s:17:22:19:Infinity":8,"f:17:22:17:23":2,"s:18:2:18:Infinity":9,"s:21:38:30:Infinity":10,"s:32:6:131:Infinity":11,"f:36:16:36:17":3,"s:37:6:37:Infinity":12,"s:38:6:38:Infinity":13,"s:39:6:39:Infinity":14,"s:40:6:40:Infinity":15,"s:41:6:45:Infinity":16,"s:46:6:46:Infinity":17,"s:47:6:47:Infinity":18,"s:48:6:48:Infinity":19,"s:51:6:51:Infinity":20,"s:52:6:52:Infinity":21,"f:55:14:55:15":4,"s:56:6:56:Infinity":22,"s:57:6:57:Infinity":23,"s:58:6:58:Infinity":24,"s:59:6:59:Infinity":25,"s:62:21:62:Infinity":26,"s:63:6:63:Infinity":27,"s:64:6:64:Infinity":28,"s:67:23:67:Infinity":29,"f:67:47:67:52":5,"s:67:52:67:82":30,"b:68:6:75:Infinity:undefined:undefined:undefined:undefined":2,"s:68:6:75:Infinity":31,"s:69:8:73:Infinity":32,"s:74:8:74:Infinity":33,"f:78:15:78:16":6,"b:79:6:83:Infinity:undefined:undefined:undefined:undefined":3,"s:79:6:83:Infinity":34,"s:81:8:81:Infinity":35,"s:82:8:82:Infinity":36,"s:84:6:84:Infinity":37,"s:85:6:85:Infinity":38,"s:86:6:86:Infinity":39,"s:87:6:87:Infinity":40,"s:88:6:88:Infinity":41,"f:91:20:91:21":7,"s:92:23:92:Infinity":42,"f:92:47:92:52":8,"s:92:52:92:78":43,"b:93:6:98:Infinity:undefined:undefined:undefined:undefined":4,"s:93:6:98:Infinity":44,"s:94:8:94:Infinity":45,"b:95:8:97:Infinity:undefined:undefined:undefined:undefined":5,"s:95:8:97:Infinity":46,"s:96:10:96:Infinity":47,"f:101:23:101:24":9,"s:102:6:102:Infinity":48,"f:102:53:102:58":10,"s:102:58:102:81":49,"b:103:6:105:Infinity:undefined:undefined:undefined:undefined":6,"s:103:6:105:Infinity":50,"s:104:8:104:Infinity":51,"f:108:16:108:17":11,"s:109:6:109:Infinity":52,"f:112:20:112:21":12,"s:113:6:113:Infinity":53,"f:116:16:116:17":13,"s:117:6:117:Infinity":54,"b:118:6:120:Infinity:undefined:undefined:undefined:undefined":7,"s:118:6:120:Infinity":55,"s:119:8:119:Infinity":56,"f:123:27:123:28":14,"b:124:6:128:Infinity:undefined:undefined:undefined:undefined":8,"s:124:6:128:Infinity":57,"s:125:23:125:Infinity":58,"s:126:8:126:Infinity":59,"s:127:8:127:Infinity":60,"s:143:4:143:Infinity":61}}}
,"C:\\Users\\User\\IdeaProjects\\moviedata\\src\\services\\movieApi.ts": {"path":"C:\\Users\\User\\IdeaProjects\\moviedata\\src\\services\\movieApi.ts","statementMap":{"0":{"start":{"line":3,"column":16},"end":{"line":3,"column":null}},"1":{"start":{"line":4,"column":17},"end":{"line":4,"column":null}},"2":{"start":{"line":6,"column":24},"end":{"line":56,"column":null}},"3":{"start":{"line":9,"column":21},"end":{"line":11,"column":null}},"4":{"start":{"line":12,"column":4},"end":{"line":12,"column":null}},"5":{"start":{"line":12,"column":22},"end":{"line":12,"column":null}},"6":{"start":{"line":13,"column":4},"end":{"line":13,"column":null}},"7":{"start":{"line":18,"column":21},"end":{"line":20,"column":null}},"8":{"start":{"line":21,"column":4},"end":{"line":21,"column":null}},"9":{"start":{"line":21,"column":22},"end":{"line":21,"column":null}},"10":{"start":{"line":22,"column":4},"end":{"line":22,"column":null}},"11":{"start":{"line":27,"column":21},"end":{"line":29,"column":null}},"12":{"start":{"line":30,"column":4},"end":{"line":30,"column":null}},"13":{"start":{"line":30,"column":22},"end":{"line":30,"column":null}},"14":{"start":{"line":31,"column":4},"end":{"line":31,"column":null}},"15":{"start":{"line":44,"column":21},"end":{"line":46,"column":null}},"16":{"start":{"line":47,"column":4},"end":{"line":47,"column":null}},"17":{"start":{"line":47,"column":22},"end":{"line":47,"column":null}},"18":{"start":{"line":48,"column":4},"end":{"line":48,"column":null}},"19":{"start":{"line":53,"column":4},"end":{"line":53,"column":null}},"20":{"start":{"line":53,"column":15},"end":{"line":53,"column":null}},"21":{"start":{"line":54,"column":4},"end":{"line":54,"column":null}}},"fnMap":{"0":{"name":"(anonymous_0)","decl":{"start":{"line":8,"column":20},"end":{"line":8,"column":27}},"loc":{"start":{"line":8,"column":100},"end":{"line":14,"column":null}},"line":8},"1":{"name":"(anonymous_1)","decl":{"start":{"line":17,"column":16},"end":{"line":17,"column":23}},"loc":{"start":{"line":17,"column":111},"end":{"line":23,"column":null}},"line":17},"2":{"name":"(anonymous_2)","decl":{"start":{"line":26,"column":19},"end":{"line":26,"column":26}},"loc":{"start":{"line":26,"column":69},"end":{"line":32,"column":null}},"line":26},"3":{"name":"(anonymous_3)","decl":{"start":{"line":36,"column":18},"end":{"line":36,"column":25}},"loc":{"start":{"line":43,"column":11},"end":{"line":49,"column":null}},"line":43},"4":{"name":"(anonymous_4)","decl":{"start":{"line":52,"column":15},"end":{"line":52,"column":16}},"loc":{"start":{"line":52,"column":71},"end":{"line":55,"column":null}},"line":52}},"branchMap":{"0":{"loc":{"start":{"line":8,"column":27},"end":{"line":8,"column":100}},"type":"default-arg","locations":[{"start":{"line":8,"column":42},"end":{"line":8,"column":100}}],"line":8},"1":{"loc":{"start":{"line":12,"column":4},"end":{"line":12,"column":null}},"type":"if","locations":[{"start":{"line":12,"column":4},"end":{"line":12,"column":null}},{"start":{},"end":{}}],"line":12},"2":{"loc":{"start":{"line":17,"column":38},"end":{"line":17,"column":111}},"type":"default-arg","locations":[{"start":{"line":17,"column":53},"end":{"line":17,"column":111}}],"line":17},"3":{"loc":{"start":{"line":21,"column":4},"end":{"line":21,"column":null}},"type":"if","locations":[{"start":{"line":21,"column":4},"end":{"line":21,"column":null}},{"start":{},"end":{}}],"line":21},"4":{"loc":{"start":{"line":30,"column":4},"end":{"line":30,"column":null}},"type":"if","locations":[{"start":{"line":30,"column":4},"end":{"line":30,"column":null}},{"start":{},"end":{}}],"line":30},"5":{"loc":{"start":{"line":47,"column":4},"end":{"line":47,"column":null}},"type":"if","locations":[{"start":{"line":47,"column":4},"end":{"line":47,"column":null}},{"start":{},"end":{}}],"line":47},"6":{"loc":{"start":{"line":52,"column":37},"end":{"line":52,"column":71}},"type":"default-arg","locations":[{"start":{"line":52,"column":52},"end":{"line":52,"column":71}}],"line":52},"7":{"loc":{"start":{"line":53,"column":4},"end":{"line":53,"column":null}},"type":"if","locations":[{"start":{"line":53,"column":4},"end":{"line":53,"column":null}},{"start":{},"end":{}}],"line":53}},"s":{"0":2,"1":2,"2":2,"3":0,"4":0,"5":0,"6":0,"7":0,"8":0,"9":0,"10":0,"11":0,"12":0,"13":0,"14":0,"15":0,"16":0,"17":0,"18":0,"19":3,"20":0,"21":3},"f":{"0":0,"1":0,"2":0,"3":0,"4":3},"b":{"0":[0],"1":[0,0],"2":[0],"3":[0,0],"4":[0,0],"5":[0,0],"6":[3],"7":[0,3]},"meta":{"lastBranch":8,"lastFunction":5,"lastStatement":22,"seen":{"s:3:16:3:Infinity":0,"s:4:17:4:Infinity":1,"s:6:24:56:Infinity":2,"f:8:20:8:27":0,"b:8:42:8:100":0,"s:9:21:11:Infinity":3,"b:12:4:12:Infinity:undefined:undefined:undefined:undefined":1,"s:12:4:12:Infinity":4,"s:12:22:12:Infinity":5,"s:13:4:13:Infinity":6,"f:17:16:17:23":1,"b:17:53:17:111":2,"s:18:21:20:Infinity":7,"b:21:4:21:Infinity:undefined:undefined:undefined:undefined":3,"s:21:4:21:Infinity":8,"s:21:22:21:Infinity":9,"s:22:4:22:Infinity":10,"f:26:19:26:26":2,"s:27:21:29:Infinity":11,"b:30:4:30:Infinity:undefined:undefined:undefined:undefined":4,"s:30:4:30:Infinity":12,"s:30:22:30:Infinity":13,"s:31:4:31:Infinity":14,"f:36:18:36:25":3,"s:44:21:46:Infinity":15,"b:47:4:47:Infinity:undefined:undefined:undefined:undefined":5,"s:47:4:47:Infinity":16,"s:47:22:47:Infinity":17,"s:48:4:48:Infinity":18,"f:52:15:52:16":4,"b:52:52:52:71":6,"b:53:4:53:Infinity:undefined:undefined:undefined:undefined":7,"s:53:4:53:Infinity":19,"s:53:15:53:Infinity":20,"s:54:4:54:Infinity":21}}}
,"C:\\Users\\User\\IdeaProjects\\moviedata\\src\\store\\hooks.ts": {"path":"C:\\Users\\User\\IdeaProjects\\moviedata\\src\\store\\hooks.ts","statementMap":{"0":{"start":{"line":4,"column":30},"end":{"line":4,"column":null}},"1":{"start":{"line":5,"column":30},"end":{"line":5,"column":null}}},"fnMap":{},"branchMap":{},"s":{"0":1,"1":1},"f":{},"b":{},"meta":{"lastBranch":0,"lastFunction":0,"lastStatement":2,"seen":{"s:4:30:4:Infinity":0,"s:5:30:5:Infinity":1}}}
}
